<?xml version="1.0" encoding="UTF-8"?>
<robot generator="Robot 7.1.1 (Python 3.10.9 on win32)" generated="2025-01-09T13:37:59.206675" rpa="false" schemaversion="5">
<suite id="s1" name="CreateNewUser browser" source="C:\Users\User\PycharmProjects\rf_browsertest\CreateNewUser_browser.robot">
<test id="s1-t1" name="Create new user for luma app" line="10">
<kw name="Navigate to home page" owner="BrowserLib_keywords">
<kw name="New Browser" owner="Browser">
<msg time="2025-01-09T13:38:01.492817" level="INFO">{"browser": "chromium", "headless": false, "chromiumSandbox": false, "devtools": false, "handleSIGHUP": true, "handleSIGINT": true, "handleSIGTERM": true, "slowMo": 0.0, "timeout": 30000.0, "tracesDir": "C:\\Users\\User\\PycharmProjects\\rf_browsertest\\browser\\traces\\temp\\c85363ba-f3a5-414c-b4f8-fcf95ef13164"}</msg>
<msg time="2025-01-09T13:38:01.568521" level="INFO">Starting Browser process C:\Users\User\AppData\Local\Programs\Python\Python310\lib\site-packages\Browser\wrapper\index.js using port 60044</msg>
<msg time="2025-01-09T13:38:01.569523" level="INFO">Node startup parameters: ['node', 'C:\\Users\\User\\AppData\\Local\\Programs\\Python\\Python310\\lib\\site-packages\\Browser\\wrapper\\index.js', '60044']</msg>
<msg time="2025-01-09T13:38:04.528208" level="INFO">Successfully created browser with options: {"browser":"chromium","headless":false,"chromiumSandbox":false,"devtools":false,"handleSIGHUP":true,"handleSIGINT":true,"handleSIGTERM":true,"slowMo":0,"timeout":30000,"tracesDir":"C:\\Users\\User\\PycharmProjects\\rf_browsertest\\browser\\traces\\temp\\c85363ba-f3a5-414c-b4f8-fcf95ef13164"}</msg>
<arg>Chromium</arg>
<arg>headless=false</arg>
<tag>BrowserControl</tag>
<tag>Setter</tag>
<doc>Create a new playwright Browser with specified options.</doc>
<status status="PASS" start="2025-01-09T13:38:01.490821" elapsed="3.037387"/>
</kw>
<kw name="New Page" owner="Browser">
<msg time="2025-01-09T13:38:15.299405" level="INFO">Keyword 'Take Screenshot  fail-screenshot-{index}' could not be run on failure:
Error: Tried to take screenshot, but no page was open.</msg>
<msg time="2025-01-09T13:38:15.299405" level="INFO">See also file:///C:/Users/User/PycharmProjects/rf_browsertest/playwright-log.txt for additional details.</msg>
<msg time="2025-01-09T13:38:15.300912" level="FAIL">TimeoutError: page.goto: Timeout 10000ms exceeded.
Call log:
  - navigating to "https://magento.softwaretestingboard.com/", waiting until "load"
</msg>
<arg>${URL}</arg>
<tag>BrowserControl</tag>
<tag>Setter</tag>
<doc>Open a new Page.</doc>
<status status="FAIL" start="2025-01-09T13:38:04.529206" elapsed="10.778249">TimeoutError: page.goto: Timeout 10000ms exceeded.
Call log:
  - navigating to "https://magento.softwaretestingboard.com/", waiting until "load"
</status>
</kw>
<kw name="Click" owner="Browser">
<arg>${CREATE_NEW_ACCOUNT_LINK}</arg>
<tag>PageContent</tag>
<tag>Setter</tag>
<doc>Simulates mouse click on the element found by ``selector``.</doc>
<status status="NOT RUN" start="2025-01-09T13:38:15.307455" elapsed="0.000998"/>
</kw>
<status status="FAIL" start="2025-01-09T13:38:01.488307" elapsed="13.820146">TimeoutError: page.goto: Timeout 10000ms exceeded.
Call log:
  - navigating to "https://magento.softwaretestingboard.com/", waiting until "load"
</status>
</kw>
<kw name="Click the create account link and enter required details for new user" owner="BrowserLib_keywords">
<status status="NOT RUN" start="2025-01-09T13:38:15.309450" elapsed="0.000507"/>
</kw>
<kw name="Click create account and assert that user has been created successfully" owner="BrowserLib_keywords">
<status status="NOT RUN" start="2025-01-09T13:38:15.309957" elapsed="0.000000"/>
</kw>
<status status="FAIL" start="2025-01-09T13:38:01.485746" elapsed="13.825214">TimeoutError: page.goto: Timeout 10000ms exceeded.
Call log:
  - navigating to "https://magento.softwaretestingboard.com/", waiting until "load"
</status>
</test>
<doc>Test cases for browser library tests</doc>
<status status="FAIL" start="2025-01-09T13:37:59.213650" elapsed="16.160344"/>
</suite>
<statistics>
<total>
<stat pass="0" fail="1" skip="0">All Tests</stat>
</total>
<tag>
</tag>
<suite>
<stat pass="0" fail="1" skip="0" id="s1" name="CreateNewUser browser">CreateNewUser browser</stat>
</suite>
</statistics>
<errors>
</errors>
</robot>
